<?xml version="1.0" encoding="UTF-8"?>
<testsuites tests="1" failures="1" disabled="0" errors="0" time="0.006" timestamp="2026-01-15T16:35:31.950" name="AllTests">
  <testsuite name="FilesystemTest" tests="1" failures="1" disabled="0" skipped="0" errors="0" time="0.005" timestamp="2026-01-15T16:35:31.951">
    <testcase name="Md5" file="C:\Users\Sebastian\Documents\CPP\MyUpdater\libs\io\tests\fileinteraction\fileinteraction_test.cpp" line="19" status="run" result="completed" time="0.005" timestamp="2026-01-15T16:35:31.951" classname="FilesystemTest">
      <failure message="C:\Users\Sebastian\Documents\CPP\MyUpdater\libs\io\tests\fileinteraction\fileinteraction_test.cpp:26&#x0A;Value of: myfs::compareMd5Hashes(md5Calc, md5Read)&#x0A;  Actual: false&#x0A;Expected: true&#x0A;" type=""><![CDATA[C:\Users\Sebastian\Documents\CPP\MyUpdater\libs\io\tests\fileinteraction\fileinteraction_test.cpp:26
Value of: myfs::compareMd5Hashes(md5Calc, md5Read)
  Actual: false
Expected: true
]]></failure>
    </testcase>
  </testsuite>
</testsuites>
